<?xml version="1.0" encoding="UTF-8"?>
<!-- Generated by org.testng.reporters.JUnitReportReporter -->
<testsuite hostname="DESKTOP-PV8OE5S" failures="0" tests="1" name="Skillrary.Testscripts.skillTest" time="16.253" errors="0" timestamp="2022-09-16T19:49:35 IST" skipped="0">
  <testcase classname="Skillrary.Testscripts.skillTest" name="sampleTest" time="16.253"/>
  <system-out/>
</testsuite> <!-- Skillrary.Testscripts.skillTest -->
