<?xml version="1.0" encoding="UTF-8"?>
<!-- Generated by org.testng.reporters.JUnitReportReporter -->
<testsuite hostname="DESKTOP-PV8OE5S" failures="0" tests="1" name="scripts.Testacse3" time="32.019" errors="0" timestamp="2022-09-16T17:27:22 IST" skipped="0">
  <testcase classname="scripts.Testacse3" name="tc3" time="32.019"/>
  <system-out/>
</testsuite> <!-- scripts.Testacse3 -->
