<?xml version="1.0" encoding="UTF-8"?>
<!-- Generated by org.testng.reporters.JUnitReportReporter -->
<testsuite hostname="DESKTOP-PV8OE5S" failures="0" tests="1" name="scripts.skillraryTest" time="31.896" errors="0" timestamp="2022-09-16T19:25:24 IST" skipped="0">
  <testcase classname="scripts.skillraryTest" name="tc1" time="31.896"/>
  <system-out/>
</testsuite> <!-- scripts.skillraryTest -->
