<?xml version="1.0" encoding="UTF-8"?>
<!-- Generated by org.testng.reporters.JUnitReportReporter -->
<testsuite hostname="DESKTOP-PV8OE5S" failures="0" tests="1" name="scripts.Testcase1" time="10.553" errors="0" timestamp="2022-08-03T18:13:20 IST" skipped="0">
  <testcase classname="scripts.Testcase1" name="tc1" time="10.553"/>
  <system-out/>
</testsuite> <!-- scripts.Testcase1 -->
