<?xml version="1.0" encoding="UTF-8"?>
<!-- Generated by org.testng.reporters.JUnitReportReporter -->
<testsuite hostname="DESKTOP-PV8OE5S" failures="0" tests="1" name="scripts.Testcase2" time="100.569" errors="0" timestamp="2022-09-16T19:25:24 IST" skipped="0">
  <testcase classname="scripts.Testcase2" name="tc2" time="100.569"/>
  <system-out/>
</testsuite> <!-- scripts.Testcase2 -->
